<?xml version="1.0" encoding="UTF-8"?>
<coverage generated="1765748677478" clover="3.2.0">
  <project timestamp="1765748677478" name="All files">
    <metrics statements="127" coveredstatements="124" conditionals="102" coveredconditionals="82" methods="15" coveredmethods="15" elements="244" coveredelements="221" complexity="0" loc="127" ncloc="127" packages="1" files="2" classes="2"/>
    <file name="Descuentos.ts" path="C:\Users\frank\Downloads\pag_web_react\pag-web-react\src\hooks\Descuentos.ts">
      <metrics statements="9" coveredstatements="9" conditionals="5" coveredconditionals="5" methods="2" coveredmethods="2"/>
      <line num="19" count="1" type="stmt"/>
      <line num="21" count="4" type="stmt"/>
      <line num="25" count="4" type="stmt"/>
      <line num="28" count="4" type="cond" truecount="3" falsecount="0"/>
      <line num="32" count="4" type="stmt"/>
      <line num="35" count="4" type="stmt"/>
      <line num="36" count="4" type="cond" truecount="2" falsecount="0"/>
      <line num="38" count="4" type="stmt"/>
      <line num="42" count="4" type="stmt"/>
    </file>
    <file name="RegistroForms.ts" path="C:\Users\frank\Downloads\pag_web_react\pag-web-react\src\hooks\RegistroForms.ts">
      <metrics statements="118" coveredstatements="115" conditionals="97" coveredconditionals="77" methods="13" coveredmethods="13"/>
      <line num="43" count="1" type="stmt"/>
      <line num="44" count="1" type="stmt"/>
      <line num="45" count="1" type="stmt"/>
      <line num="46" count="1" type="stmt"/>
      <line num="52" count="1" type="stmt"/>
      <line num="53" count="12" type="stmt"/>
      <line num="54" count="12" type="stmt"/>
      <line num="55" count="12" type="stmt"/>
      <line num="56" count="12" type="stmt"/>
      <line num="58" count="12" type="cond" truecount="4" falsecount="1"/>
      <line num="59" count="12" type="stmt"/>
      <line num="61" count="12" type="stmt"/>
      <line num="74" count="71" type="stmt"/>
      <line num="77" count="71" type="stmt"/>
      <line num="79" count="71" type="stmt"/>
      <line num="91" count="71" type="stmt"/>
      <line num="95" count="71" type="stmt"/>
      <line num="96" count="14" type="stmt"/>
      <line num="97" count="14" type="stmt"/>
      <line num="98" count="14" type="stmt"/>
      <line num="99" count="14" type="stmt"/>
      <line num="103" count="71" type="stmt"/>
      <line num="104" count="14" type="stmt"/>
      <line num="109" count="71" type="stmt"/>
      <line num="110" count="35" type="stmt"/>
      <line num="111" count="35" type="stmt"/>
      <line num="114" count="35" type="cond" truecount="2" falsecount="0"/>
      <line num="115" count="4" type="stmt"/>
      <line num="116" count="4" type="stmt"/>
      <line num="117" count="4" type="cond" truecount="1" falsecount="1"/>
      <line num="118" count="4" type="cond" truecount="1" falsecount="1"/>
      <line num="119" count="4" type="cond" truecount="1" falsecount="1"/>
      <line num="120" count="4" type="stmt"/>
      <line num="123" count="35" type="stmt"/>
      <line num="126" count="35" type="cond" truecount="1" falsecount="1"/>
      <line num="127" count="35" type="stmt"/>
      <line num="133" count="71" type="stmt"/>
      <line num="134" count="40" type="stmt"/>
      <line num="135" count="40" type="stmt"/>
      <line num="141" count="40" type="cond" truecount="2" falsecount="0"/>
      <line num="142" count="5" type="cond" truecount="2" falsecount="0"/>
      <line num="148" count="40" type="cond" truecount="2" falsecount="0"/>
      <line num="149" count="6" type="cond" truecount="1" falsecount="1"/>
      <line num="150" count="6" type="stmt"/>
      <line num="151" count="6" type="cond" truecount="2" falsecount="0"/>
      <line num="157" count="40" type="cond" truecount="2" falsecount="0"/>
      <line num="158" count="4" type="cond" truecount="1" falsecount="1"/>
      <line num="164" count="40" type="cond" truecount="4" falsecount="0"/>
      <line num="165" count="4" type="cond" truecount="1" falsecount="1"/>
      <line num="171" count="40" type="cond" truecount="2" falsecount="0"/>
      <line num="172" count="8" type="stmt"/>
      <line num="173" count="8" type="stmt"/>
      <line num="175" count="8" type="cond" truecount="2" falsecount="0"/>
      <line num="176" count="1" type="stmt"/>
      <line num="177" count="7" type="cond" truecount="2" falsecount="0"/>
      <line num="178" count="1" type="stmt"/>
      <line num="179" count="6" type="cond" truecount="2" falsecount="0"/>
      <line num="180" count="1" type="stmt"/>
      <line num="182" count="5" type="stmt"/>
      <line num="187" count="40" type="stmt"/>
      <line num="188" count="40" type="cond" truecount="2" falsecount="0"/>
      <line num="189" count="4" type="cond" truecount="1" falsecount="1"/>
      <line num="195" count="40" type="cond" truecount="2" falsecount="0"/>
      <line num="196" count="4" type="cond" truecount="1" falsecount="1"/>
      <line num="201" count="40" type="stmt"/>
      <line num="208" count="71" type="stmt"/>
      <line num="209" count="5" type="stmt"/>
      <line num="210" count="5" type="stmt"/>
      <line num="213" count="5" type="cond" truecount="2" falsecount="0"/>
      <line num="216" count="5" type="cond" truecount="2" falsecount="0"/>
      <line num="217" count="5" type="cond" truecount="2" falsecount="0"/>
      <line num="218" count="1" type="stmt"/>
      <line num="222" count="5" type="cond" truecount="2" falsecount="0"/>
      <line num="223" count="5" type="cond" truecount="1" falsecount="1"/>
      <line num="226" count="5" type="cond" truecount="2" falsecount="0"/>
      <line num="227" count="1" type="stmt"/>
      <line num="229" count="4" type="stmt"/>
      <line num="230" count="4" type="cond" truecount="1" falsecount="1"/>
      <line num="231" count="4" type="cond" truecount="1" falsecount="1"/>
      <line num="232" count="4" type="cond" truecount="1" falsecount="1"/>
      <line num="236" count="5" type="cond" truecount="2" falsecount="0"/>
      <line num="237" count="5" type="cond" truecount="1" falsecount="1"/>
      <line num="238" count="5" type="cond" truecount="1" falsecount="1"/>
      <line num="241" count="5" type="cond" truecount="2" falsecount="0"/>
      <line num="242" count="1" type="stmt"/>
      <line num="245" count="4" type="stmt"/>
      <line num="249" count="71" type="stmt"/>
      <line num="250" count="5" type="stmt"/>
      <line num="253" count="5" type="stmt"/>
      <line num="255" count="5" type="stmt"/>
      <line num="256" count="5" type="cond" truecount="2" falsecount="0"/>
      <line num="257" count="1" type="stmt"/>
      <line num="258" count="1" type="stmt"/>
      <line num="265" count="4" type="stmt"/>
      <line num="266" count="4" type="stmt"/>
      <line num="267" count="4" type="stmt"/>
      <line num="268" count="4" type="cond" truecount="2" falsecount="0"/>
      <line num="271" count="5" type="stmt"/>
      <line num="272" count="4" type="cond" truecount="2" falsecount="0"/>
      <line num="273" count="1" type="cond" truecount="1" falsecount="1"/>
      <line num="274" count="1" type="stmt"/>
      <line num="276" count="1" type="stmt"/>
      <line num="280" count="3" type="stmt"/>
      <line num="294" count="3" type="stmt"/>
      <line num="296" count="3" type="stmt"/>
      <line num="299" count="3" type="cond" truecount="2" falsecount="0"/>
      <line num="300" count="5" type="cond" truecount="4" falsecount="0"/>
      <line num="301" count="1" type="stmt"/>
      <line num="304" count="2" type="stmt"/>
      <line num="308" count="3" type="cond" truecount="1" falsecount="1"/>
      <line num="309" count="3" type="stmt"/>
      <line num="313" count="3" type="cond" truecount="2" falsecount="0"/>
      <line num="314" count="2" type="stmt"/>
      <line num="316" count="1" type="stmt"/>
      <line num="323" count="0" type="stmt"/>
      <line num="324" count="0" type="cond" truecount="0" falsecount="2"/>
      <line num="325" count="0" type="stmt"/>
      <line num="332" count="71" type="stmt"/>
    </file>
  </project>
</coverage>
