{"C:\\Users\\frank\\Downloads\\pag_web_react\\pag-web-react\\src\\hooks\\Descuentos.ts": {"path":"C:\\Users\\frank\\Downloads\\pag_web_react\\pag-web-react\\src\\hooks\\Descuentos.ts","statementMap":{"0":{"start":{"line":19,"column":29},"end":{"line":43,"column":null}},"1":{"start":{"line":21,"column":36},"end":{"line":21,"column":null}},"2":{"start":{"line":25,"column":41},"end":{"line":40,"column":29}},"3":{"start":{"line":28,"column":38},"end":{"line":30,"column":null}},"4":{"start":{"line":32,"column":31},"end":{"line":32,"column":null}},"5":{"start":{"line":35,"column":27},"end":{"line":35,"column":42}},"6":{"start":{"line":36,"column":28},"end":{"line":36,"column":null}},"7":{"start":{"line":38,"column":8},"end":{"line":38,"column":null}},"8":{"start":{"line":42,"column":4},"end":{"line":42,"column":null}}},"fnMap":{"0":{"name":"(anonymous_0)","decl":{"start":{"line":19,"column":29},"end":{"line":19,"column":30}},"loc":{"start":{"line":19,"column":30},"end":{"line":43,"column":null}},"line":19},"1":{"name":"(anonymous_1)","decl":{"start":{"line":25,"column":52},"end":{"line":25,"column":null}},"loc":{"start":{"line":25,"column":52},"end":{"line":40,"column":7}},"line":25}},"branchMap":{"0":{"loc":{"start":{"line":28,"column":38},"end":{"line":30,"column":null}},"type":"binary-expr","locations":[{"start":{"line":28,"column":38},"end":{"line":28,"column":null}},{"start":{"line":29,"column":37},"end":{"line":29,"column":null}},{"start":{"line":30,"column":37},"end":{"line":30,"column":null}}],"line":28},"1":{"loc":{"start":{"line":36,"column":28},"end":{"line":36,"column":null}},"type":"cond-expr","locations":[{"start":{"line":36,"column":45},"end":{"line":36,"column":76}},{"start":{"line":36,"column":76},"end":{"line":36,"column":null}}],"line":36}},"s":{"0":1,"1":4,"2":4,"3":4,"4":4,"5":4,"6":4,"7":4,"8":4},"f":{"0":4,"1":4},"b":{"0":[4,4,4],"1":[3,1]},"meta":{"lastBranch":2,"lastFunction":2,"lastStatement":9,"seen":{"s:19:29:43:Infinity":0,"f:19:29:19:30":0,"s:21:36:21:Infinity":1,"s:25:41:40:29":2,"f:25:52:25:Infinity":1,"s:28:38:30:Infinity":3,"b:28:38:28:Infinity:29:37:29:Infinity:30:37:30:Infinity":0,"s:32:31:32:Infinity":4,"s:35:27:35:42":5,"s:36:28:36:Infinity":6,"b:36:45:36:76:36:76:36:Infinity":1,"s:38:8:38:Infinity":7,"s:42:4:42:Infinity":8}}}
,"C:\\Users\\frank\\Downloads\\pag_web_react\\pag-web-react\\src\\hooks\\RegistroForms.ts": {"path":"C:\\Users\\frank\\Downloads\\pag_web_react\\pag-web-react\\src\\hooks\\RegistroForms.ts","statementMap":{"0":{"start":{"line":43,"column":28},"end":{"line":43,"column":null}},"1":{"start":{"line":44,"column":28},"end":{"line":44,"column":null}},"2":{"start":{"line":45,"column":16},"end":{"line":45,"column":null}},"3":{"start":{"line":46,"column":16},"end":{"line":46,"column":null}},"4":{"start":{"line":52,"column":21},"end":{"line":62,"column":null}},"5":{"start":{"line":53,"column":22},"end":{"line":53,"column":null}},"6":{"start":{"line":54,"column":14},"end":{"line":54,"column":null}},"7":{"start":{"line":55,"column":18},"end":{"line":55,"column":null}},"8":{"start":{"line":56,"column":16},"end":{"line":56,"column":null}},"9":{"start":{"line":58,"column":4},"end":{"line":60,"column":null}},"10":{"start":{"line":59,"column":8},"end":{"line":59,"column":null}},"11":{"start":{"line":61,"column":4},"end":{"line":61,"column":null}},"12":{"start":{"line":74,"column":10},"end":{"line":74,"column":null}},"13":{"start":{"line":74,"column":32},"end":{"line":74,"column":44}},"14":{"start":{"line":77,"column":43},"end":{"line":77,"column":null}},"15":{"start":{"line":79,"column":33},"end":{"line":89,"column":null}},"16":{"start":{"line":91,"column":53},"end":{"line":91,"column":null}},"17":{"start":{"line":95,"column":10},"end":{"line":100,"column":null}},"18":{"start":{"line":96,"column":21},"end":{"line":96,"column":null}},"19":{"start":{"line":97,"column":19},"end":{"line":97,"column":null}},"20":{"start":{"line":98,"column":19},"end":{"line":98,"column":null}},"21":{"start":{"line":99,"column":8},"end":{"line":99,"column":null}},"22":{"start":{"line":103,"column":4},"end":{"line":105,"column":null}},"23":{"start":{"line":104,"column":8},"end":{"line":104,"column":null}},"24":{"start":{"line":104,"column":29},"end":{"line":104,"column":null}},"25":{"start":{"line":109,"column":10},"end":{"line":130,"column":null}},"26":{"start":{"line":110,"column":30},"end":{"line":110,"column":38}},"27":{"start":{"line":111,"column":23},"end":{"line":111,"column":null}},"28":{"start":{"line":114,"column":8},"end":{"line":121,"column":null}},"29":{"start":{"line":115,"column":30},"end":{"line":115,"column":null}},"30":{"start":{"line":116,"column":28},"end":{"line":116,"column":null}},"31":{"start":{"line":117,"column":12},"end":{"line":117,"column":null}},"32":{"start":{"line":117,"column":40},"end":{"line":117,"column":null}},"33":{"start":{"line":118,"column":12},"end":{"line":118,"column":null}},"34":{"start":{"line":118,"column":40},"end":{"line":118,"column":null}},"35":{"start":{"line":119,"column":12},"end":{"line":119,"column":null}},"36":{"start":{"line":119,"column":40},"end":{"line":119,"column":null}},"37":{"start":{"line":120,"column":12},"end":{"line":120,"column":null}},"38":{"start":{"line":123,"column":8},"end":{"line":123,"column":null}},"39":{"start":{"line":123,"column":29},"end":{"line":123,"column":null}},"40":{"start":{"line":126,"column":8},"end":{"line":128,"column":null}},"41":{"start":{"line":127,"column":12},"end":{"line":127,"column":null}},"42":{"start":{"line":133,"column":4},"end":{"line":203,"column":null}},"43":{"start":{"line":134,"column":108},"end":{"line":134,"column":null}},"44":{"start":{"line":135,"column":45},"end":{"line":135,"column":null}},"45":{"start":{"line":141,"column":8},"end":{"line":145,"column":null}},"46":{"start":{"line":142,"column":12},"end":{"line":144,"column":null}},"47":{"start":{"line":148,"column":8},"end":{"line":154,"column":null}},"48":{"start":{"line":149,"column":27},"end":{"line":149,"column":null}},"49":{"start":{"line":150,"column":35},"end":{"line":150,"column":null}},"50":{"start":{"line":151,"column":12},"end":{"line":153,"column":null}},"51":{"start":{"line":157,"column":8},"end":{"line":161,"column":null}},"52":{"start":{"line":158,"column":12},"end":{"line":160,"column":null}},"53":{"start":{"line":164,"column":8},"end":{"line":168,"column":null}},"54":{"start":{"line":165,"column":12},"end":{"line":167,"column":null}},"55":{"start":{"line":171,"column":8},"end":{"line":184,"column":null}},"56":{"start":{"line":172,"column":38},"end":{"line":172,"column":null}},"57":{"start":{"line":173,"column":25},"end":{"line":173,"column":null}},"58":{"start":{"line":175,"column":12},"end":{"line":183,"column":null}},"59":{"start":{"line":176,"column":16},"end":{"line":176,"column":null}},"60":{"start":{"line":177,"column":19},"end":{"line":183,"column":null}},"61":{"start":{"line":178,"column":16},"end":{"line":178,"column":null}},"62":{"start":{"line":179,"column":19},"end":{"line":183,"column":null}},"63":{"start":{"line":180,"column":16},"end":{"line":180,"column":null}},"64":{"start":{"line":182,"column":16},"end":{"line":182,"column":null}},"65":{"start":{"line":187,"column":35},"end":{"line":187,"column":null}},"66":{"start":{"line":188,"column":8},"end":{"line":192,"column":null}},"67":{"start":{"line":189,"column":12},"end":{"line":191,"column":null}},"68":{"start":{"line":195,"column":8},"end":{"line":199,"column":null}},"69":{"start":{"line":196,"column":12},"end":{"line":198,"column":null}},"70":{"start":{"line":201,"column":8},"end":{"line":201,"column":null}},"71":{"start":{"line":208,"column":10},"end":{"line":246,"column":null}},"72":{"start":{"line":209,"column":38},"end":{"line":209,"column":40}},"73":{"start":{"line":210,"column":98},"end":{"line":210,"column":null}},"74":{"start":{"line":213,"column":8},"end":{"line":213,"column":null}},"75":{"start":{"line":213,"column":33},"end":{"line":213,"column":null}},"76":{"start":{"line":216,"column":23},"end":{"line":216,"column":null}},"77":{"start":{"line":217,"column":8},"end":{"line":219,"column":null}},"78":{"start":{"line":218,"column":12},"end":{"line":218,"column":null}},"79":{"start":{"line":222,"column":8},"end":{"line":222,"column":null}},"80":{"start":{"line":222,"column":53},"end":{"line":222,"column":null}},"81":{"start":{"line":223,"column":8},"end":{"line":223,"column":null}},"82":{"start":{"line":223,"column":48},"end":{"line":223,"column":null}},"83":{"start":{"line":226,"column":8},"end":{"line":233,"column":null}},"84":{"start":{"line":227,"column":12},"end":{"line":227,"column":null}},"85":{"start":{"line":229,"column":25},"end":{"line":229,"column":null}},"86":{"start":{"line":230,"column":12},"end":{"line":230,"column":null}},"87":{"start":{"line":230,"column":51},"end":{"line":230,"column":null}},"88":{"start":{"line":231,"column":12},"end":{"line":231,"column":null}},"89":{"start":{"line":231,"column":32},"end":{"line":231,"column":null}},"90":{"start":{"line":232,"column":12},"end":{"line":232,"column":null}},"91":{"start":{"line":232,"column":32},"end":{"line":232,"column":null}},"92":{"start":{"line":236,"column":8},"end":{"line":236,"column":null}},"93":{"start":{"line":236,"column":34},"end":{"line":236,"column":null}},"94":{"start":{"line":237,"column":8},"end":{"line":237,"column":null}},"95":{"start":{"line":237,"column":21},"end":{"line":237,"column":null}},"96":{"start":{"line":238,"column":8},"end":{"line":238,"column":null}},"97":{"start":{"line":238,"column":21},"end":{"line":238,"column":null}},"98":{"start":{"line":241,"column":8},"end":{"line":243,"column":null}},"99":{"start":{"line":242,"column":12},"end":{"line":242,"column":null}},"100":{"start":{"line":245,"column":8},"end":{"line":245,"column":21}},"101":{"start":{"line":249,"column":10},"end":{"line":329,"column":null}},"102":{"start":{"line":250,"column":4},"end":{"line":250,"column":null}},"103":{"start":{"line":253,"column":8},"end":{"line":253,"column":null}},"104":{"start":{"line":255,"column":32},"end":{"line":255,"column":null}},"105":{"start":{"line":256,"column":8},"end":{"line":259,"column":null}},"106":{"start":{"line":257,"column":12},"end":{"line":257,"column":null}},"107":{"start":{"line":258,"column":12},"end":{"line":258,"column":null}},"108":{"start":{"line":265,"column":8},"end":{"line":327,"column":null}},"109":{"start":{"line":266,"column":91},"end":{"line":266,"column":null}},"110":{"start":{"line":267,"column":39},"end":{"line":267,"column":null}},"111":{"start":{"line":268,"column":34},"end":{"line":268,"column":null}},"112":{"start":{"line":271,"column":39},"end":{"line":271,"column":null}},"113":{"start":{"line":272,"column":12},"end":{"line":277,"column":null}},"114":{"start":{"line":272,"column":45},"end":{"line":272,"column":67}},"115":{"start":{"line":273,"column":16},"end":{"line":275,"column":null}},"116":{"start":{"line":274,"column":20},"end":{"line":274,"column":null}},"117":{"start":{"line":276,"column":16},"end":{"line":276,"column":null}},"118":{"start":{"line":280,"column":53},"end":{"line":292,"column":null}},"119":{"start":{"line":294,"column":33},"end":{"line":294,"column":null}},"120":{"start":{"line":296,"column":31},"end":{"line":296,"column":null}},"121":{"start":{"line":299,"column":36},"end":{"line":299,"column":null}},"122":{"start":{"line":300,"column":12},"end":{"line":305,"column":null}},"123":{"start":{"line":301,"column":16},"end":{"line":301,"column":null}},"124":{"start":{"line":304,"column":16},"end":{"line":304,"column":null}},"125":{"start":{"line":308,"column":12},"end":{"line":320,"column":null}},"126":{"start":{"line":309,"column":16},"end":{"line":318,"column":null}},"127":{"start":{"line":313,"column":24},"end":{"line":317,"column":null}},"128":{"start":{"line":314,"column":28},"end":{"line":314,"column":null}},"129":{"start":{"line":316,"column":28},"end":{"line":316,"column":null}},"130":{"start":{"line":323,"column":12},"end":{"line":323,"column":null}},"131":{"start":{"line":324,"column":12},"end":{"line":326,"column":null}},"132":{"start":{"line":325,"column":16},"end":{"line":325,"column":null}},"133":{"start":{"line":332,"column":4},"end":{"line":339,"column":null}}},"fnMap":{"0":{"name":"(anonymous_0)","decl":{"start":{"line":52,"column":21},"end":{"line":52,"column":22}},"loc":{"start":{"line":52,"column":35},"end":{"line":62,"column":null}},"line":52},"1":{"name":"useRegistroForm","decl":{"start":{"line":68,"column":16},"end":{"line":68,"column":null}},"loc":{"start":{"line":72,"column":37},"end":{"line":340,"column":null}},"line":72},"2":{"name":"(anonymous_2)","decl":{"start":{"line":74,"column":26},"end":{"line":74,"column":32}},"loc":{"start":{"line":74,"column":32},"end":{"line":74,"column":44}},"line":74},"3":{"name":"(anonymous_3)","decl":{"start":{"line":95,"column":28},"end":{"line":95,"column":null}},"loc":{"start":{"line":95,"column":28},"end":{"line":100,"column":7}},"line":95},"4":{"name":"(anonymous_4)","decl":{"start":{"line":103,"column":14},"end":{"line":103,"column":null}},"loc":{"start":{"line":103,"column":14},"end":{"line":105,"column":7}},"line":103},"5":{"name":"(anonymous_5)","decl":{"start":{"line":104,"column":20},"end":{"line":104,"column":29}},"loc":{"start":{"line":104,"column":29},"end":{"line":104,"column":null}},"line":104},"6":{"name":"(anonymous_6)","decl":{"start":{"line":109,"column":37},"end":{"line":109,"column":38}},"loc":{"start":{"line":109,"column":38},"end":{"line":130,"column":7}},"line":109},"7":{"name":"(anonymous_7)","decl":{"start":{"line":123,"column":20},"end":{"line":123,"column":29}},"loc":{"start":{"line":123,"column":29},"end":{"line":123,"column":null}},"line":123},"8":{"name":"(anonymous_8)","decl":{"start":{"line":133,"column":14},"end":{"line":133,"column":null}},"loc":{"start":{"line":133,"column":14},"end":{"line":203,"column":7}},"line":133},"9":{"name":"(anonymous_9)","decl":{"start":{"line":208,"column":37},"end":{"line":208,"column":38}},"loc":{"start":{"line":208,"column":38},"end":{"line":246,"column":7}},"line":208},"10":{"name":"(anonymous_10)","decl":{"start":{"line":249,"column":45},"end":{"line":249,"column":52}},"loc":{"start":{"line":249,"column":52},"end":{"line":329,"column":7}},"line":249},"11":{"name":"(anonymous_11)","decl":{"start":{"line":272,"column":40},"end":{"line":272,"column":45}},"loc":{"start":{"line":272,"column":45},"end":{"line":272,"column":67}},"line":272},"12":{"name":"(anonymous_12)","decl":{"start":{"line":312,"column":20},"end":{"line":312,"column":null}},"loc":{"start":{"line":312,"column":20},"end":{"line":318,"column":null}},"line":312}},"branchMap":{"0":{"loc":{"start":{"line":58,"column":4},"end":{"line":60,"column":null}},"type":"if","locations":[{"start":{"line":58,"column":4},"end":{"line":60,"column":null}},{"start":{},"end":{}}],"line":58},"1":{"loc":{"start":{"line":58,"column":8},"end":{"line":58,"column":47}},"type":"binary-expr","locations":[{"start":{"line":58,"column":8},"end":{"line":58,"column":22}},{"start":{"line":58,"column":22},"end":{"line":58,"column":37}},{"start":{"line":58,"column":37},"end":{"line":58,"column":47}}],"line":58},"2":{"loc":{"start":{"line":114,"column":8},"end":{"line":121,"column":null}},"type":"if","locations":[{"start":{"line":114,"column":8},"end":{"line":121,"column":null}},{"start":{},"end":{}}],"line":114},"3":{"loc":{"start":{"line":117,"column":12},"end":{"line":117,"column":null}},"type":"if","locations":[{"start":{"line":117,"column":12},"end":{"line":117,"column":null}},{"start":{},"end":{}}],"line":117},"4":{"loc":{"start":{"line":118,"column":12},"end":{"line":118,"column":null}},"type":"if","locations":[{"start":{"line":118,"column":12},"end":{"line":118,"column":null}},{"start":{},"end":{}}],"line":118},"5":{"loc":{"start":{"line":119,"column":12},"end":{"line":119,"column":null}},"type":"if","locations":[{"start":{"line":119,"column":12},"end":{"line":119,"column":null}},{"start":{},"end":{}}],"line":119},"6":{"loc":{"start":{"line":126,"column":8},"end":{"line":128,"column":null}},"type":"if","locations":[{"start":{"line":126,"column":8},"end":{"line":128,"column":null}},{"start":{},"end":{}}],"line":126},"7":{"loc":{"start":{"line":141,"column":8},"end":{"line":145,"column":null}},"type":"if","locations":[{"start":{"line":141,"column":8},"end":{"line":145,"column":null}},{"start":{},"end":{}}],"line":141},"8":{"loc":{"start":{"line":142,"column":35},"end":{"line":144,"column":null}},"type":"cond-expr","locations":[{"start":{"line":143,"column":18},"end":{"line":143,"column":null}},{"start":{"line":144,"column":18},"end":{"line":144,"column":null}}],"line":142},"9":{"loc":{"start":{"line":148,"column":8},"end":{"line":154,"column":null}},"type":"if","locations":[{"start":{"line":148,"column":8},"end":{"line":154,"column":null}},{"start":{},"end":{}}],"line":148},"10":{"loc":{"start":{"line":149,"column":27},"end":{"line":149,"column":null}},"type":"cond-expr","locations":[{"start":{"line":149,"column":50},"end":{"line":149,"column":76}},{"start":{"line":149,"column":79},"end":{"line":149,"column":null}}],"line":149},"11":{"loc":{"start":{"line":151,"column":33},"end":{"line":153,"column":null}},"type":"cond-expr","locations":[{"start":{"line":152,"column":18},"end":{"line":152,"column":null}},{"start":{"line":153,"column":18},"end":{"line":153,"column":null}}],"line":151},"12":{"loc":{"start":{"line":157,"column":8},"end":{"line":161,"column":null}},"type":"if","locations":[{"start":{"line":157,"column":8},"end":{"line":161,"column":null}},{"start":{},"end":{}}],"line":157},"13":{"loc":{"start":{"line":158,"column":37},"end":{"line":160,"column":null}},"type":"cond-expr","locations":[{"start":{"line":159,"column":18},"end":{"line":159,"column":null}},{"start":{"line":160,"column":18},"end":{"line":160,"column":null}}],"line":158},"14":{"loc":{"start":{"line":164,"column":8},"end":{"line":168,"column":null}},"type":"if","locations":[{"start":{"line":164,"column":8},"end":{"line":168,"column":null}},{"start":{},"end":{}}],"line":164},"15":{"loc":{"start":{"line":164,"column":12},"end":{"line":164,"column":69}},"type":"binary-expr","locations":[{"start":{"line":164,"column":12},"end":{"line":164,"column":46}},{"start":{"line":164,"column":46},"end":{"line":164,"column":69}}],"line":164},"16":{"loc":{"start":{"line":165,"column":46},"end":{"line":167,"column":null}},"type":"cond-expr","locations":[{"start":{"line":166,"column":18},"end":{"line":166,"column":null}},{"start":{"line":167,"column":18},"end":{"line":167,"column":null}}],"line":165},"17":{"loc":{"start":{"line":171,"column":8},"end":{"line":184,"column":null}},"type":"if","locations":[{"start":{"line":171,"column":8},"end":{"line":184,"column":null}},{"start":{},"end":{}}],"line":171},"18":{"loc":{"start":{"line":175,"column":12},"end":{"line":183,"column":null}},"type":"if","locations":[{"start":{"line":175,"column":12},"end":{"line":183,"column":null}},{"start":{"line":177,"column":19},"end":{"line":183,"column":null}}],"line":175},"19":{"loc":{"start":{"line":177,"column":19},"end":{"line":183,"column":null}},"type":"if","locations":[{"start":{"line":177,"column":19},"end":{"line":183,"column":null}},{"start":{"line":179,"column":19},"end":{"line":183,"column":null}}],"line":177},"20":{"loc":{"start":{"line":179,"column":19},"end":{"line":183,"column":null}},"type":"if","locations":[{"start":{"line":179,"column":19},"end":{"line":183,"column":null}},{"start":{"line":181,"column":19},"end":{"line":183,"column":null}}],"line":179},"21":{"loc":{"start":{"line":188,"column":8},"end":{"line":192,"column":null}},"type":"if","locations":[{"start":{"line":188,"column":8},"end":{"line":192,"column":null}},{"start":{},"end":{}}],"line":188},"22":{"loc":{"start":{"line":189,"column":35},"end":{"line":191,"column":null}},"type":"cond-expr","locations":[{"start":{"line":190,"column":18},"end":{"line":190,"column":null}},{"start":{"line":191,"column":18},"end":{"line":191,"column":null}}],"line":189},"23":{"loc":{"start":{"line":195,"column":8},"end":{"line":199,"column":null}},"type":"if","locations":[{"start":{"line":195,"column":8},"end":{"line":199,"column":null}},{"start":{},"end":{}}],"line":195},"24":{"loc":{"start":{"line":196,"column":36},"end":{"line":198,"column":null}},"type":"cond-expr","locations":[{"start":{"line":197,"column":18},"end":{"line":197,"column":null}},{"start":{"line":198,"column":18},"end":{"line":198,"column":null}}],"line":196},"25":{"loc":{"start":{"line":213,"column":8},"end":{"line":213,"column":null}},"type":"if","locations":[{"start":{"line":213,"column":8},"end":{"line":213,"column":null}},{"start":{},"end":{}}],"line":213},"26":{"loc":{"start":{"line":216,"column":23},"end":{"line":216,"column":null}},"type":"cond-expr","locations":[{"start":{"line":216,"column":46},"end":{"line":216,"column":72}},{"start":{"line":216,"column":75},"end":{"line":216,"column":null}}],"line":216},"27":{"loc":{"start":{"line":217,"column":8},"end":{"line":219,"column":null}},"type":"if","locations":[{"start":{"line":217,"column":8},"end":{"line":219,"column":null}},{"start":{},"end":{}}],"line":217},"28":{"loc":{"start":{"line":222,"column":8},"end":{"line":222,"column":null}},"type":"if","locations":[{"start":{"line":222,"column":8},"end":{"line":222,"column":null}},{"start":{},"end":{}}],"line":222},"29":{"loc":{"start":{"line":223,"column":8},"end":{"line":223,"column":null}},"type":"if","locations":[{"start":{"line":223,"column":8},"end":{"line":223,"column":null}},{"start":{},"end":{}}],"line":223},"30":{"loc":{"start":{"line":226,"column":8},"end":{"line":233,"column":null}},"type":"if","locations":[{"start":{"line":226,"column":8},"end":{"line":233,"column":null}},{"start":{"line":228,"column":15},"end":{"line":233,"column":null}}],"line":226},"31":{"loc":{"start":{"line":230,"column":12},"end":{"line":230,"column":null}},"type":"if","locations":[{"start":{"line":230,"column":12},"end":{"line":230,"column":null}},{"start":{},"end":{}}],"line":230},"32":{"loc":{"start":{"line":231,"column":12},"end":{"line":231,"column":null}},"type":"if","locations":[{"start":{"line":231,"column":12},"end":{"line":231,"column":null}},{"start":{},"end":{}}],"line":231},"33":{"loc":{"start":{"line":232,"column":12},"end":{"line":232,"column":null}},"type":"if","locations":[{"start":{"line":232,"column":12},"end":{"line":232,"column":null}},{"start":{},"end":{}}],"line":232},"34":{"loc":{"start":{"line":236,"column":8},"end":{"line":236,"column":null}},"type":"if","locations":[{"start":{"line":236,"column":8},"end":{"line":236,"column":null}},{"start":{},"end":{}}],"line":236},"35":{"loc":{"start":{"line":237,"column":8},"end":{"line":237,"column":null}},"type":"if","locations":[{"start":{"line":237,"column":8},"end":{"line":237,"column":null}},{"start":{},"end":{}}],"line":237},"36":{"loc":{"start":{"line":238,"column":8},"end":{"line":238,"column":null}},"type":"if","locations":[{"start":{"line":238,"column":8},"end":{"line":238,"column":null}},{"start":{},"end":{}}],"line":238},"37":{"loc":{"start":{"line":241,"column":8},"end":{"line":243,"column":null}},"type":"if","locations":[{"start":{"line":241,"column":8},"end":{"line":243,"column":null}},{"start":{},"end":{}}],"line":241},"38":{"loc":{"start":{"line":256,"column":8},"end":{"line":259,"column":null}},"type":"if","locations":[{"start":{"line":256,"column":8},"end":{"line":259,"column":null}},{"start":{},"end":{}}],"line":256},"39":{"loc":{"start":{"line":268,"column":34},"end":{"line":268,"column":null}},"type":"binary-expr","locations":[{"start":{"line":268,"column":34},"end":{"line":268,"column":79}},{"start":{"line":268,"column":79},"end":{"line":268,"column":null}}],"line":268},"40":{"loc":{"start":{"line":272,"column":12},"end":{"line":277,"column":null}},"type":"if","locations":[{"start":{"line":272,"column":12},"end":{"line":277,"column":null}},{"start":{},"end":{}}],"line":272},"41":{"loc":{"start":{"line":273,"column":16},"end":{"line":275,"column":null}},"type":"if","locations":[{"start":{"line":273,"column":16},"end":{"line":275,"column":null}},{"start":{},"end":{}}],"line":273},"42":{"loc":{"start":{"line":299,"column":46},"end":{"line":299,"column":null}},"type":"binary-expr","locations":[{"start":{"line":299,"column":46},"end":{"line":299,"column":82}},{"start":{"line":299,"column":82},"end":{"line":299,"column":null}}],"line":299},"43":{"loc":{"start":{"line":300,"column":12},"end":{"line":305,"column":null}},"type":"if","locations":[{"start":{"line":300,"column":12},"end":{"line":305,"column":null}},{"start":{"line":302,"column":19},"end":{"line":305,"column":null}}],"line":300},"44":{"loc":{"start":{"line":300,"column":16},"end":{"line":300,"column":68}},"type":"binary-expr","locations":[{"start":{"line":300,"column":16},"end":{"line":300,"column":35}},{"start":{"line":300,"column":35},"end":{"line":300,"column":68}}],"line":300},"45":{"loc":{"start":{"line":308,"column":12},"end":{"line":320,"column":null}},"type":"if","locations":[{"start":{"line":308,"column":12},"end":{"line":320,"column":null}},{"start":{},"end":{}}],"line":308},"46":{"loc":{"start":{"line":313,"column":24},"end":{"line":317,"column":null}},"type":"if","locations":[{"start":{"line":313,"column":24},"end":{"line":317,"column":null}},{"start":{"line":315,"column":31},"end":{"line":317,"column":null}}],"line":313},"47":{"loc":{"start":{"line":324,"column":12},"end":{"line":326,"column":null}},"type":"if","locations":[{"start":{"line":324,"column":12},"end":{"line":326,"column":null}},{"start":{},"end":{}}],"line":324}},"s":{"0":1,"1":1,"2":1,"3":1,"4":1,"5":12,"6":12,"7":12,"8":12,"9":12,"10":12,"11":12,"12":71,"13":14,"14":71,"15":71,"16":71,"17":71,"18":14,"19":14,"20":14,"21":14,"22":71,"23":14,"24":14,"25":71,"26":35,"27":35,"28":35,"29":4,"30":4,"31":4,"32":4,"33":4,"34":4,"35":4,"36":4,"37":4,"38":35,"39":35,"40":35,"41":35,"42":71,"43":40,"44":40,"45":40,"46":5,"47":40,"48":6,"49":6,"50":6,"51":40,"52":4,"53":40,"54":4,"55":40,"56":8,"57":8,"58":8,"59":1,"60":7,"61":1,"62":6,"63":1,"64":5,"65":40,"66":40,"67":4,"68":40,"69":4,"70":40,"71":71,"72":5,"73":5,"74":5,"75":1,"76":5,"77":5,"78":1,"79":5,"80":1,"81":5,"82":0,"83":5,"84":1,"85":4,"86":4,"87":0,"88":4,"89":0,"90":4,"91":0,"92":5,"93":1,"94":5,"95":0,"96":5,"97":0,"98":5,"99":1,"100":4,"101":71,"102":5,"103":5,"104":5,"105":5,"106":1,"107":1,"108":4,"109":4,"110":4,"111":4,"112":5,"113":4,"114":1,"115":1,"116":1,"117":1,"118":3,"119":3,"120":3,"121":3,"122":5,"123":1,"124":2,"125":3,"126":3,"127":3,"128":2,"129":1,"130":0,"131":0,"132":0,"133":71},"f":{"0":12,"1":71,"2":14,"3":14,"4":14,"5":14,"6":35,"7":35,"8":40,"9":5,"10":5,"11":1,"12":3},"b":{"0":[12,0],"1":[12,1,1],"2":[4,31],"3":[4,0],"4":[4,0],"5":[4,0],"6":[35,0],"7":[5,35],"8":[4,1],"9":[6,34],"10":[6,0],"11":[5,1],"12":[4,36],"13":[4,0],"14":[4,36],"15":[40,36],"16":[4,0],"17":[8,32],"18":[1,7],"19":[1,6],"20":[1,5],"21":[4,36],"22":[4,0],"23":[4,36],"24":[4,0],"25":[1,4],"26":[4,1],"27":[1,4],"28":[1,4],"29":[0,5],"30":[1,4],"31":[0,4],"32":[0,4],"33":[0,4],"34":[1,4],"35":[0,5],"36":[0,5],"37":[1,4],"38":[1,4],"39":[4,1],"40":[1,3],"41":[1,0],"42":[3,2],"43":[1,2],"44":[5,1],"45":[3,0],"46":[2,1],"47":[0,0]},"meta":{"lastBranch":48,"lastFunction":13,"lastStatement":134,"seen":{"s:43:28:43:Infinity":0,"s:44:28:44:Infinity":1,"s:45:16:45:Infinity":2,"s:46:16:46:Infinity":3,"s:52:21:62:Infinity":4,"f:52:21:52:22":0,"s:53:22:53:Infinity":5,"s:54:14:54:Infinity":6,"s:55:18:55:Infinity":7,"s:56:16:56:Infinity":8,"b:58:4:60:Infinity:undefined:undefined:undefined:undefined":0,"s:58:4:60:Infinity":9,"b:58:8:58:22:58:22:58:37:58:37:58:47":1,"s:59:8:59:Infinity":10,"s:61:4:61:Infinity":11,"f:68:16:68:Infinity":1,"s:74:10:74:Infinity":12,"f:74:26:74:32":2,"s:74:32:74:44":13,"s:77:43:77:Infinity":14,"s:79:33:89:Infinity":15,"s:91:53:91:Infinity":16,"s:95:10:100:Infinity":17,"f:95:28:95:Infinity":3,"s:96:21:96:Infinity":18,"s:97:19:97:Infinity":19,"s:98:19:98:Infinity":20,"s:99:8:99:Infinity":21,"s:103:4:105:Infinity":22,"f:103:14:103:Infinity":4,"s:104:8:104:Infinity":23,"f:104:20:104:29":5,"s:104:29:104:Infinity":24,"s:109:10:130:Infinity":25,"f:109:37:109:38":6,"s:110:30:110:38":26,"s:111:23:111:Infinity":27,"b:114:8:121:Infinity:undefined:undefined:undefined:undefined":2,"s:114:8:121:Infinity":28,"s:115:30:115:Infinity":29,"s:116:28:116:Infinity":30,"b:117:12:117:Infinity:undefined:undefined:undefined:undefined":3,"s:117:12:117:Infinity":31,"s:117:40:117:Infinity":32,"b:118:12:118:Infinity:undefined:undefined:undefined:undefined":4,"s:118:12:118:Infinity":33,"s:118:40:118:Infinity":34,"b:119:12:119:Infinity:undefined:undefined:undefined:undefined":5,"s:119:12:119:Infinity":35,"s:119:40:119:Infinity":36,"s:120:12:120:Infinity":37,"s:123:8:123:Infinity":38,"f:123:20:123:29":7,"s:123:29:123:Infinity":39,"b:126:8:128:Infinity:undefined:undefined:undefined:undefined":6,"s:126:8:128:Infinity":40,"s:127:12:127:Infinity":41,"s:133:4:203:Infinity":42,"f:133:14:133:Infinity":8,"s:134:108:134:Infinity":43,"s:135:45:135:Infinity":44,"b:141:8:145:Infinity:undefined:undefined:undefined:undefined":7,"s:141:8:145:Infinity":45,"s:142:12:144:Infinity":46,"b:143:18:143:Infinity:144:18:144:Infinity":8,"b:148:8:154:Infinity:undefined:undefined:undefined:undefined":9,"s:148:8:154:Infinity":47,"s:149:27:149:Infinity":48,"b:149:50:149:76:149:79:149:Infinity":10,"s:150:35:150:Infinity":49,"s:151:12:153:Infinity":50,"b:152:18:152:Infinity:153:18:153:Infinity":11,"b:157:8:161:Infinity:undefined:undefined:undefined:undefined":12,"s:157:8:161:Infinity":51,"s:158:12:160:Infinity":52,"b:159:18:159:Infinity:160:18:160:Infinity":13,"b:164:8:168:Infinity:undefined:undefined:undefined:undefined":14,"s:164:8:168:Infinity":53,"b:164:12:164:46:164:46:164:69":15,"s:165:12:167:Infinity":54,"b:166:18:166:Infinity:167:18:167:Infinity":16,"b:171:8:184:Infinity:undefined:undefined:undefined:undefined":17,"s:171:8:184:Infinity":55,"s:172:38:172:Infinity":56,"s:173:25:173:Infinity":57,"b:175:12:183:Infinity:177:19:183:Infinity":18,"s:175:12:183:Infinity":58,"s:176:16:176:Infinity":59,"b:177:19:183:Infinity:179:19:183:Infinity":19,"s:177:19:183:Infinity":60,"s:178:16:178:Infinity":61,"b:179:19:183:Infinity:181:19:183:Infinity":20,"s:179:19:183:Infinity":62,"s:180:16:180:Infinity":63,"s:182:16:182:Infinity":64,"s:187:35:187:Infinity":65,"b:188:8:192:Infinity:undefined:undefined:undefined:undefined":21,"s:188:8:192:Infinity":66,"s:189:12:191:Infinity":67,"b:190:18:190:Infinity:191:18:191:Infinity":22,"b:195:8:199:Infinity:undefined:undefined:undefined:undefined":23,"s:195:8:199:Infinity":68,"s:196:12:198:Infinity":69,"b:197:18:197:Infinity:198:18:198:Infinity":24,"s:201:8:201:Infinity":70,"s:208:10:246:Infinity":71,"f:208:37:208:38":9,"s:209:38:209:40":72,"s:210:98:210:Infinity":73,"b:213:8:213:Infinity:undefined:undefined:undefined:undefined":25,"s:213:8:213:Infinity":74,"s:213:33:213:Infinity":75,"s:216:23:216:Infinity":76,"b:216:46:216:72:216:75:216:Infinity":26,"b:217:8:219:Infinity:undefined:undefined:undefined:undefined":27,"s:217:8:219:Infinity":77,"s:218:12:218:Infinity":78,"b:222:8:222:Infinity:undefined:undefined:undefined:undefined":28,"s:222:8:222:Infinity":79,"s:222:53:222:Infinity":80,"b:223:8:223:Infinity:undefined:undefined:undefined:undefined":29,"s:223:8:223:Infinity":81,"s:223:48:223:Infinity":82,"b:226:8:233:Infinity:228:15:233:Infinity":30,"s:226:8:233:Infinity":83,"s:227:12:227:Infinity":84,"s:229:25:229:Infinity":85,"b:230:12:230:Infinity:undefined:undefined:undefined:undefined":31,"s:230:12:230:Infinity":86,"s:230:51:230:Infinity":87,"b:231:12:231:Infinity:undefined:undefined:undefined:undefined":32,"s:231:12:231:Infinity":88,"s:231:32:231:Infinity":89,"b:232:12:232:Infinity:undefined:undefined:undefined:undefined":33,"s:232:12:232:Infinity":90,"s:232:32:232:Infinity":91,"b:236:8:236:Infinity:undefined:undefined:undefined:undefined":34,"s:236:8:236:Infinity":92,"s:236:34:236:Infinity":93,"b:237:8:237:Infinity:undefined:undefined:undefined:undefined":35,"s:237:8:237:Infinity":94,"s:237:21:237:Infinity":95,"b:238:8:238:Infinity:undefined:undefined:undefined:undefined":36,"s:238:8:238:Infinity":96,"s:238:21:238:Infinity":97,"b:241:8:243:Infinity:undefined:undefined:undefined:undefined":37,"s:241:8:243:Infinity":98,"s:242:12:242:Infinity":99,"s:245:8:245:21":100,"s:249:10:329:Infinity":101,"f:249:45:249:52":10,"s:250:4:250:Infinity":102,"s:253:8:253:Infinity":103,"s:255:32:255:Infinity":104,"b:256:8:259:Infinity:undefined:undefined:undefined:undefined":38,"s:256:8:259:Infinity":105,"s:257:12:257:Infinity":106,"s:258:12:258:Infinity":107,"s:265:8:327:Infinity":108,"s:266:91:266:Infinity":109,"s:267:39:267:Infinity":110,"s:268:34:268:Infinity":111,"b:268:34:268:79:268:79:268:Infinity":39,"s:271:39:271:Infinity":112,"b:272:12:277:Infinity:undefined:undefined:undefined:undefined":40,"s:272:12:277:Infinity":113,"f:272:40:272:45":11,"s:272:45:272:67":114,"b:273:16:275:Infinity:undefined:undefined:undefined:undefined":41,"s:273:16:275:Infinity":115,"s:274:20:274:Infinity":116,"s:276:16:276:Infinity":117,"s:280:53:292:Infinity":118,"s:294:33:294:Infinity":119,"s:296:31:296:Infinity":120,"s:299:36:299:Infinity":121,"b:299:46:299:82:299:82:299:Infinity":42,"b:300:12:305:Infinity:302:19:305:Infinity":43,"s:300:12:305:Infinity":122,"b:300:16:300:35:300:35:300:68":44,"s:301:16:301:Infinity":123,"s:304:16:304:Infinity":124,"b:308:12:320:Infinity:undefined:undefined:undefined:undefined":45,"s:308:12:320:Infinity":125,"s:309:16:318:Infinity":126,"f:312:20:312:Infinity":12,"b:313:24:317:Infinity:315:31:317:Infinity":46,"s:313:24:317:Infinity":127,"s:314:28:314:Infinity":128,"s:316:28:316:Infinity":129,"s:323:12:323:Infinity":130,"b:324:12:326:Infinity:undefined:undefined:undefined:undefined":47,"s:324:12:326:Infinity":131,"s:325:16:325:Infinity":132,"s:332:4:339:Infinity":133}}}
}
