{"C:\\Users\\CETECOM\\Downloads\\pag\\pag-web-react\\src\\hooks\\Descuentos.ts": {"path":"C:\\Users\\CETECOM\\Downloads\\pag\\pag-web-react\\src\\hooks\\Descuentos.ts","statementMap":{"0":{"start":{"line":12,"column":29},"end":{"line":38,"column":null}},"1":{"start":{"line":16,"column":41},"end":{"line":35,"column":20}},"2":{"start":{"line":19,"column":34},"end":{"line":19,"column":null}},"3":{"start":{"line":20,"column":51},"end":{"line":20,"column":null}},"4":{"start":{"line":23,"column":38},"end":{"line":25,"column":null}},"5":{"start":{"line":27,"column":31},"end":{"line":27,"column":null}},"6":{"start":{"line":30,"column":27},"end":{"line":30,"column":42}},"7":{"start":{"line":31,"column":28},"end":{"line":31,"column":null}},"8":{"start":{"line":33,"column":8},"end":{"line":33,"column":null}},"9":{"start":{"line":37,"column":4},"end":{"line":37,"column":null}}},"fnMap":{"0":{"name":"(anonymous_0)","decl":{"start":{"line":12,"column":29},"end":{"line":12,"column":30}},"loc":{"start":{"line":12,"column":30},"end":{"line":38,"column":null}},"line":12},"1":{"name":"(anonymous_1)","decl":{"start":{"line":16,"column":52},"end":{"line":16,"column":null}},"loc":{"start":{"line":16,"column":52},"end":{"line":35,"column":7}},"line":16}},"branchMap":{"0":{"loc":{"start":{"line":20,"column":51},"end":{"line":20,"column":null}},"type":"cond-expr","locations":[{"start":{"line":20,"column":71},"end":{"line":20,"column":103}},{"start":{"line":20,"column":103},"end":{"line":20,"column":null}}],"line":20},"1":{"loc":{"start":{"line":23,"column":38},"end":{"line":25,"column":null}},"type":"binary-expr","locations":[{"start":{"line":23,"column":38},"end":{"line":23,"column":null}},{"start":{"line":24,"column":37},"end":{"line":24,"column":null}},{"start":{"line":25,"column":37},"end":{"line":25,"column":null}}],"line":23},"2":{"loc":{"start":{"line":31,"column":28},"end":{"line":31,"column":null}},"type":"cond-expr","locations":[{"start":{"line":31,"column":45},"end":{"line":31,"column":76}},{"start":{"line":31,"column":76},"end":{"line":31,"column":null}}],"line":31}},"s":{"0":1,"1":4,"2":4,"3":4,"4":4,"5":4,"6":4,"7":4,"8":4,"9":4},"f":{"0":4,"1":4},"b":{"0":[4,0],"1":[4,4,4],"2":[3,1]},"meta":{"lastBranch":3,"lastFunction":2,"lastStatement":10,"seen":{"s:12:29:38:Infinity":0,"f:12:29:12:30":0,"s:16:41:35:20":1,"f:16:52:16:Infinity":1,"s:19:34:19:Infinity":2,"s:20:51:20:Infinity":3,"b:20:71:20:103:20:103:20:Infinity":0,"s:23:38:25:Infinity":4,"b:23:38:23:Infinity:24:37:24:Infinity:25:37:25:Infinity":1,"s:27:31:27:Infinity":5,"s:30:27:30:42":6,"s:31:28:31:Infinity":7,"b:31:45:31:76:31:76:31:Infinity":2,"s:33:8:33:Infinity":8,"s:37:4:37:Infinity":9}}}
,"C:\\Users\\CETECOM\\Downloads\\pag\\pag-web-react\\src\\hooks\\RegistroForms.ts": {"path":"C:\\Users\\CETECOM\\Downloads\\pag\\pag-web-react\\src\\hooks\\RegistroForms.ts","statementMap":{"0":{"start":{"line":33,"column":28},"end":{"line":33,"column":null}},"1":{"start":{"line":34,"column":28},"end":{"line":34,"column":null}},"2":{"start":{"line":35,"column":16},"end":{"line":35,"column":null}},"3":{"start":{"line":36,"column":16},"end":{"line":36,"column":null}},"4":{"start":{"line":42,"column":21},"end":{"line":52,"column":null}},"5":{"start":{"line":43,"column":22},"end":{"line":43,"column":null}},"6":{"start":{"line":44,"column":14},"end":{"line":44,"column":null}},"7":{"start":{"line":45,"column":18},"end":{"line":45,"column":null}},"8":{"start":{"line":46,"column":16},"end":{"line":46,"column":null}},"9":{"start":{"line":48,"column":4},"end":{"line":50,"column":null}},"10":{"start":{"line":49,"column":8},"end":{"line":49,"column":null}},"11":{"start":{"line":51,"column":4},"end":{"line":51,"column":null}},"12":{"start":{"line":64,"column":10},"end":{"line":64,"column":null}},"13":{"start":{"line":64,"column":32},"end":{"line":64,"column":44}},"14":{"start":{"line":67,"column":43},"end":{"line":67,"column":null}},"15":{"start":{"line":69,"column":33},"end":{"line":79,"column":null}},"16":{"start":{"line":81,"column":53},"end":{"line":81,"column":null}},"17":{"start":{"line":85,"column":10},"end":{"line":90,"column":null}},"18":{"start":{"line":86,"column":21},"end":{"line":86,"column":null}},"19":{"start":{"line":87,"column":19},"end":{"line":87,"column":null}},"20":{"start":{"line":88,"column":19},"end":{"line":88,"column":null}},"21":{"start":{"line":89,"column":8},"end":{"line":89,"column":null}},"22":{"start":{"line":93,"column":4},"end":{"line":95,"column":null}},"23":{"start":{"line":94,"column":8},"end":{"line":94,"column":null}},"24":{"start":{"line":94,"column":29},"end":{"line":94,"column":null}},"25":{"start":{"line":99,"column":10},"end":{"line":120,"column":null}},"26":{"start":{"line":100,"column":30},"end":{"line":100,"column":38}},"27":{"start":{"line":101,"column":23},"end":{"line":101,"column":null}},"28":{"start":{"line":104,"column":8},"end":{"line":111,"column":null}},"29":{"start":{"line":105,"column":30},"end":{"line":105,"column":null}},"30":{"start":{"line":106,"column":28},"end":{"line":106,"column":null}},"31":{"start":{"line":107,"column":12},"end":{"line":107,"column":null}},"32":{"start":{"line":107,"column":40},"end":{"line":107,"column":null}},"33":{"start":{"line":108,"column":12},"end":{"line":108,"column":null}},"34":{"start":{"line":108,"column":40},"end":{"line":108,"column":null}},"35":{"start":{"line":109,"column":12},"end":{"line":109,"column":null}},"36":{"start":{"line":109,"column":40},"end":{"line":109,"column":null}},"37":{"start":{"line":110,"column":12},"end":{"line":110,"column":null}},"38":{"start":{"line":113,"column":8},"end":{"line":113,"column":null}},"39":{"start":{"line":113,"column":29},"end":{"line":113,"column":null}},"40":{"start":{"line":116,"column":8},"end":{"line":118,"column":null}},"41":{"start":{"line":117,"column":12},"end":{"line":117,"column":null}},"42":{"start":{"line":123,"column":4},"end":{"line":193,"column":null}},"43":{"start":{"line":124,"column":108},"end":{"line":124,"column":null}},"44":{"start":{"line":125,"column":45},"end":{"line":125,"column":null}},"45":{"start":{"line":131,"column":8},"end":{"line":135,"column":null}},"46":{"start":{"line":132,"column":12},"end":{"line":134,"column":null}},"47":{"start":{"line":138,"column":8},"end":{"line":144,"column":null}},"48":{"start":{"line":139,"column":27},"end":{"line":139,"column":null}},"49":{"start":{"line":140,"column":35},"end":{"line":140,"column":null}},"50":{"start":{"line":141,"column":12},"end":{"line":143,"column":null}},"51":{"start":{"line":147,"column":8},"end":{"line":151,"column":null}},"52":{"start":{"line":148,"column":12},"end":{"line":150,"column":null}},"53":{"start":{"line":154,"column":8},"end":{"line":158,"column":null}},"54":{"start":{"line":155,"column":12},"end":{"line":157,"column":null}},"55":{"start":{"line":161,"column":8},"end":{"line":174,"column":null}},"56":{"start":{"line":162,"column":38},"end":{"line":162,"column":null}},"57":{"start":{"line":163,"column":25},"end":{"line":163,"column":null}},"58":{"start":{"line":165,"column":12},"end":{"line":173,"column":null}},"59":{"start":{"line":166,"column":16},"end":{"line":166,"column":null}},"60":{"start":{"line":167,"column":19},"end":{"line":173,"column":null}},"61":{"start":{"line":168,"column":16},"end":{"line":168,"column":null}},"62":{"start":{"line":169,"column":19},"end":{"line":173,"column":null}},"63":{"start":{"line":170,"column":16},"end":{"line":170,"column":null}},"64":{"start":{"line":172,"column":16},"end":{"line":172,"column":null}},"65":{"start":{"line":177,"column":35},"end":{"line":177,"column":null}},"66":{"start":{"line":178,"column":8},"end":{"line":182,"column":null}},"67":{"start":{"line":179,"column":12},"end":{"line":181,"column":null}},"68":{"start":{"line":185,"column":8},"end":{"line":189,"column":null}},"69":{"start":{"line":186,"column":12},"end":{"line":188,"column":null}},"70":{"start":{"line":191,"column":8},"end":{"line":191,"column":null}},"71":{"start":{"line":198,"column":10},"end":{"line":238,"column":null}},"72":{"start":{"line":199,"column":38},"end":{"line":199,"column":40}},"73":{"start":{"line":200,"column":38},"end":{"line":200,"column":null}},"74":{"start":{"line":201,"column":108},"end":{"line":201,"column":null}},"75":{"start":{"line":204,"column":8},"end":{"line":204,"column":null}},"76":{"start":{"line":204,"column":33},"end":{"line":204,"column":null}},"77":{"start":{"line":207,"column":23},"end":{"line":207,"column":null}},"78":{"start":{"line":208,"column":8},"end":{"line":210,"column":null}},"79":{"start":{"line":209,"column":12},"end":{"line":209,"column":null}},"80":{"start":{"line":213,"column":8},"end":{"line":213,"column":null}},"81":{"start":{"line":213,"column":53},"end":{"line":213,"column":null}},"82":{"start":{"line":214,"column":8},"end":{"line":214,"column":null}},"83":{"start":{"line":214,"column":48},"end":{"line":214,"column":null}},"84":{"start":{"line":217,"column":8},"end":{"line":224,"column":null}},"85":{"start":{"line":218,"column":12},"end":{"line":218,"column":null}},"86":{"start":{"line":220,"column":25},"end":{"line":220,"column":null}},"87":{"start":{"line":221,"column":12},"end":{"line":221,"column":null}},"88":{"start":{"line":221,"column":51},"end":{"line":221,"column":null}},"89":{"start":{"line":222,"column":12},"end":{"line":222,"column":null}},"90":{"start":{"line":222,"column":32},"end":{"line":222,"column":null}},"91":{"start":{"line":223,"column":12},"end":{"line":223,"column":null}},"92":{"start":{"line":223,"column":32},"end":{"line":223,"column":null}},"93":{"start":{"line":227,"column":8},"end":{"line":227,"column":null}},"94":{"start":{"line":227,"column":34},"end":{"line":227,"column":null}},"95":{"start":{"line":228,"column":8},"end":{"line":228,"column":null}},"96":{"start":{"line":228,"column":21},"end":{"line":228,"column":null}},"97":{"start":{"line":229,"column":8},"end":{"line":229,"column":null}},"98":{"start":{"line":229,"column":21},"end":{"line":229,"column":null}},"99":{"start":{"line":232,"column":8},"end":{"line":235,"column":null}},"100":{"start":{"line":234,"column":12},"end":{"line":234,"column":null}},"101":{"start":{"line":237,"column":8},"end":{"line":237,"column":21}},"102":{"start":{"line":241,"column":10},"end":{"line":321,"column":null}},"103":{"start":{"line":242,"column":4},"end":{"line":242,"column":null}},"104":{"start":{"line":245,"column":8},"end":{"line":245,"column":null}},"105":{"start":{"line":247,"column":32},"end":{"line":247,"column":null}},"106":{"start":{"line":248,"column":8},"end":{"line":251,"column":null}},"107":{"start":{"line":249,"column":12},"end":{"line":249,"column":null}},"108":{"start":{"line":250,"column":12},"end":{"line":250,"column":null}},"109":{"start":{"line":257,"column":87},"end":{"line":257,"column":null}},"110":{"start":{"line":258,"column":35},"end":{"line":258,"column":null}},"111":{"start":{"line":259,"column":30},"end":{"line":259,"column":null}},"112":{"start":{"line":261,"column":34},"end":{"line":261,"column":null}},"113":{"start":{"line":262,"column":32},"end":{"line":262,"column":null}},"114":{"start":{"line":265,"column":28},"end":{"line":267,"column":null}},"115":{"start":{"line":266,"column":53},"end":{"line":266,"column":67}},"116":{"start":{"line":270,"column":8},"end":{"line":275,"column":null}},"117":{"start":{"line":270,"column":40},"end":{"line":270,"column":62}},"118":{"start":{"line":271,"column":12},"end":{"line":273,"column":null}},"119":{"start":{"line":272,"column":16},"end":{"line":272,"column":null}},"120":{"start":{"line":274,"column":12},"end":{"line":274,"column":null}},"121":{"start":{"line":278,"column":29},"end":{"line":291,"column":null}},"122":{"start":{"line":294,"column":8},"end":{"line":294,"column":null}},"123":{"start":{"line":295,"column":8},"end":{"line":295,"column":null}},"124":{"start":{"line":297,"column":23},"end":{"line":297,"column":32}},"125":{"start":{"line":299,"column":8},"end":{"line":303,"column":null}},"126":{"start":{"line":300,"column":12},"end":{"line":300,"column":null}},"127":{"start":{"line":302,"column":12},"end":{"line":302,"column":null}},"128":{"start":{"line":306,"column":8},"end":{"line":319,"column":null}},"129":{"start":{"line":307,"column":12},"end":{"line":317,"column":null}},"130":{"start":{"line":312,"column":20},"end":{"line":316,"column":null}},"131":{"start":{"line":313,"column":24},"end":{"line":313,"column":null}},"132":{"start":{"line":315,"column":24},"end":{"line":315,"column":null}},"133":{"start":{"line":324,"column":4},"end":{"line":331,"column":null}}},"fnMap":{"0":{"name":"(anonymous_0)","decl":{"start":{"line":42,"column":21},"end":{"line":42,"column":22}},"loc":{"start":{"line":42,"column":35},"end":{"line":52,"column":null}},"line":42},"1":{"name":"useRegistroForm","decl":{"start":{"line":58,"column":16},"end":{"line":58,"column":null}},"loc":{"start":{"line":62,"column":37},"end":{"line":332,"column":null}},"line":62},"2":{"name":"(anonymous_2)","decl":{"start":{"line":64,"column":26},"end":{"line":64,"column":32}},"loc":{"start":{"line":64,"column":32},"end":{"line":64,"column":44}},"line":64},"3":{"name":"(anonymous_3)","decl":{"start":{"line":85,"column":28},"end":{"line":85,"column":null}},"loc":{"start":{"line":85,"column":28},"end":{"line":90,"column":7}},"line":85},"4":{"name":"(anonymous_4)","decl":{"start":{"line":93,"column":14},"end":{"line":93,"column":null}},"loc":{"start":{"line":93,"column":14},"end":{"line":95,"column":7}},"line":93},"5":{"name":"(anonymous_5)","decl":{"start":{"line":94,"column":20},"end":{"line":94,"column":29}},"loc":{"start":{"line":94,"column":29},"end":{"line":94,"column":null}},"line":94},"6":{"name":"(anonymous_6)","decl":{"start":{"line":99,"column":37},"end":{"line":99,"column":38}},"loc":{"start":{"line":99,"column":38},"end":{"line":120,"column":7}},"line":99},"7":{"name":"(anonymous_7)","decl":{"start":{"line":113,"column":20},"end":{"line":113,"column":29}},"loc":{"start":{"line":113,"column":29},"end":{"line":113,"column":null}},"line":113},"8":{"name":"(anonymous_8)","decl":{"start":{"line":123,"column":14},"end":{"line":123,"column":null}},"loc":{"start":{"line":123,"column":14},"end":{"line":193,"column":7}},"line":123},"9":{"name":"(anonymous_9)","decl":{"start":{"line":198,"column":37},"end":{"line":198,"column":38}},"loc":{"start":{"line":198,"column":38},"end":{"line":238,"column":7}},"line":198},"10":{"name":"(anonymous_10)","decl":{"start":{"line":241,"column":45},"end":{"line":241,"column":46}},"loc":{"start":{"line":241,"column":46},"end":{"line":321,"column":7}},"line":241},"11":{"name":"(anonymous_11)","decl":{"start":{"line":266,"column":48},"end":{"line":266,"column":53}},"loc":{"start":{"line":266,"column":53},"end":{"line":266,"column":67}},"line":266},"12":{"name":"(anonymous_12)","decl":{"start":{"line":270,"column":35},"end":{"line":270,"column":40}},"loc":{"start":{"line":270,"column":40},"end":{"line":270,"column":62}},"line":270},"13":{"name":"(anonymous_13)","decl":{"start":{"line":310,"column":16},"end":{"line":310,"column":null}},"loc":{"start":{"line":310,"column":16},"end":{"line":317,"column":null}},"line":310}},"branchMap":{"0":{"loc":{"start":{"line":48,"column":4},"end":{"line":50,"column":null}},"type":"if","locations":[{"start":{"line":48,"column":4},"end":{"line":50,"column":null}},{"start":{},"end":{}}],"line":48},"1":{"loc":{"start":{"line":48,"column":8},"end":{"line":48,"column":47}},"type":"binary-expr","locations":[{"start":{"line":48,"column":8},"end":{"line":48,"column":22}},{"start":{"line":48,"column":22},"end":{"line":48,"column":37}},{"start":{"line":48,"column":37},"end":{"line":48,"column":47}}],"line":48},"2":{"loc":{"start":{"line":104,"column":8},"end":{"line":111,"column":null}},"type":"if","locations":[{"start":{"line":104,"column":8},"end":{"line":111,"column":null}},{"start":{},"end":{}}],"line":104},"3":{"loc":{"start":{"line":107,"column":12},"end":{"line":107,"column":null}},"type":"if","locations":[{"start":{"line":107,"column":12},"end":{"line":107,"column":null}},{"start":{},"end":{}}],"line":107},"4":{"loc":{"start":{"line":108,"column":12},"end":{"line":108,"column":null}},"type":"if","locations":[{"start":{"line":108,"column":12},"end":{"line":108,"column":null}},{"start":{},"end":{}}],"line":108},"5":{"loc":{"start":{"line":109,"column":12},"end":{"line":109,"column":null}},"type":"if","locations":[{"start":{"line":109,"column":12},"end":{"line":109,"column":null}},{"start":{},"end":{}}],"line":109},"6":{"loc":{"start":{"line":116,"column":8},"end":{"line":118,"column":null}},"type":"if","locations":[{"start":{"line":116,"column":8},"end":{"line":118,"column":null}},{"start":{},"end":{}}],"line":116},"7":{"loc":{"start":{"line":131,"column":8},"end":{"line":135,"column":null}},"type":"if","locations":[{"start":{"line":131,"column":8},"end":{"line":135,"column":null}},{"start":{},"end":{}}],"line":131},"8":{"loc":{"start":{"line":132,"column":35},"end":{"line":134,"column":null}},"type":"cond-expr","locations":[{"start":{"line":133,"column":18},"end":{"line":133,"column":null}},{"start":{"line":134,"column":18},"end":{"line":134,"column":null}}],"line":132},"9":{"loc":{"start":{"line":138,"column":8},"end":{"line":144,"column":null}},"type":"if","locations":[{"start":{"line":138,"column":8},"end":{"line":144,"column":null}},{"start":{},"end":{}}],"line":138},"10":{"loc":{"start":{"line":139,"column":27},"end":{"line":139,"column":null}},"type":"cond-expr","locations":[{"start":{"line":139,"column":50},"end":{"line":139,"column":76}},{"start":{"line":139,"column":79},"end":{"line":139,"column":null}}],"line":139},"11":{"loc":{"start":{"line":141,"column":33},"end":{"line":143,"column":null}},"type":"cond-expr","locations":[{"start":{"line":142,"column":18},"end":{"line":142,"column":null}},{"start":{"line":143,"column":18},"end":{"line":143,"column":null}}],"line":141},"12":{"loc":{"start":{"line":147,"column":8},"end":{"line":151,"column":null}},"type":"if","locations":[{"start":{"line":147,"column":8},"end":{"line":151,"column":null}},{"start":{},"end":{}}],"line":147},"13":{"loc":{"start":{"line":148,"column":37},"end":{"line":150,"column":null}},"type":"cond-expr","locations":[{"start":{"line":149,"column":18},"end":{"line":149,"column":null}},{"start":{"line":150,"column":18},"end":{"line":150,"column":null}}],"line":148},"14":{"loc":{"start":{"line":154,"column":8},"end":{"line":158,"column":null}},"type":"if","locations":[{"start":{"line":154,"column":8},"end":{"line":158,"column":null}},{"start":{},"end":{}}],"line":154},"15":{"loc":{"start":{"line":154,"column":12},"end":{"line":154,"column":69}},"type":"binary-expr","locations":[{"start":{"line":154,"column":12},"end":{"line":154,"column":46}},{"start":{"line":154,"column":46},"end":{"line":154,"column":69}}],"line":154},"16":{"loc":{"start":{"line":155,"column":46},"end":{"line":157,"column":null}},"type":"cond-expr","locations":[{"start":{"line":156,"column":18},"end":{"line":156,"column":null}},{"start":{"line":157,"column":18},"end":{"line":157,"column":null}}],"line":155},"17":{"loc":{"start":{"line":161,"column":8},"end":{"line":174,"column":null}},"type":"if","locations":[{"start":{"line":161,"column":8},"end":{"line":174,"column":null}},{"start":{},"end":{}}],"line":161},"18":{"loc":{"start":{"line":165,"column":12},"end":{"line":173,"column":null}},"type":"if","locations":[{"start":{"line":165,"column":12},"end":{"line":173,"column":null}},{"start":{"line":167,"column":19},"end":{"line":173,"column":null}}],"line":165},"19":{"loc":{"start":{"line":167,"column":19},"end":{"line":173,"column":null}},"type":"if","locations":[{"start":{"line":167,"column":19},"end":{"line":173,"column":null}},{"start":{"line":169,"column":19},"end":{"line":173,"column":null}}],"line":167},"20":{"loc":{"start":{"line":169,"column":19},"end":{"line":173,"column":null}},"type":"if","locations":[{"start":{"line":169,"column":19},"end":{"line":173,"column":null}},{"start":{"line":171,"column":19},"end":{"line":173,"column":null}}],"line":169},"21":{"loc":{"start":{"line":178,"column":8},"end":{"line":182,"column":null}},"type":"if","locations":[{"start":{"line":178,"column":8},"end":{"line":182,"column":null}},{"start":{},"end":{}}],"line":178},"22":{"loc":{"start":{"line":179,"column":35},"end":{"line":181,"column":null}},"type":"cond-expr","locations":[{"start":{"line":180,"column":18},"end":{"line":180,"column":null}},{"start":{"line":181,"column":18},"end":{"line":181,"column":null}}],"line":179},"23":{"loc":{"start":{"line":185,"column":8},"end":{"line":189,"column":null}},"type":"if","locations":[{"start":{"line":185,"column":8},"end":{"line":189,"column":null}},{"start":{},"end":{}}],"line":185},"24":{"loc":{"start":{"line":186,"column":36},"end":{"line":188,"column":null}},"type":"cond-expr","locations":[{"start":{"line":187,"column":18},"end":{"line":187,"column":null}},{"start":{"line":188,"column":18},"end":{"line":188,"column":null}}],"line":186},"25":{"loc":{"start":{"line":204,"column":8},"end":{"line":204,"column":null}},"type":"if","locations":[{"start":{"line":204,"column":8},"end":{"line":204,"column":null}},{"start":{},"end":{}}],"line":204},"26":{"loc":{"start":{"line":207,"column":23},"end":{"line":207,"column":null}},"type":"cond-expr","locations":[{"start":{"line":207,"column":46},"end":{"line":207,"column":72}},{"start":{"line":207,"column":75},"end":{"line":207,"column":null}}],"line":207},"27":{"loc":{"start":{"line":208,"column":8},"end":{"line":210,"column":null}},"type":"if","locations":[{"start":{"line":208,"column":8},"end":{"line":210,"column":null}},{"start":{},"end":{}}],"line":208},"28":{"loc":{"start":{"line":213,"column":8},"end":{"line":213,"column":null}},"type":"if","locations":[{"start":{"line":213,"column":8},"end":{"line":213,"column":null}},{"start":{},"end":{}}],"line":213},"29":{"loc":{"start":{"line":214,"column":8},"end":{"line":214,"column":null}},"type":"if","locations":[{"start":{"line":214,"column":8},"end":{"line":214,"column":null}},{"start":{},"end":{}}],"line":214},"30":{"loc":{"start":{"line":217,"column":8},"end":{"line":224,"column":null}},"type":"if","locations":[{"start":{"line":217,"column":8},"end":{"line":224,"column":null}},{"start":{"line":219,"column":15},"end":{"line":224,"column":null}}],"line":217},"31":{"loc":{"start":{"line":221,"column":12},"end":{"line":221,"column":null}},"type":"if","locations":[{"start":{"line":221,"column":12},"end":{"line":221,"column":null}},{"start":{},"end":{}}],"line":221},"32":{"loc":{"start":{"line":222,"column":12},"end":{"line":222,"column":null}},"type":"if","locations":[{"start":{"line":222,"column":12},"end":{"line":222,"column":null}},{"start":{},"end":{}}],"line":222},"33":{"loc":{"start":{"line":223,"column":12},"end":{"line":223,"column":null}},"type":"if","locations":[{"start":{"line":223,"column":12},"end":{"line":223,"column":null}},{"start":{},"end":{}}],"line":223},"34":{"loc":{"start":{"line":227,"column":8},"end":{"line":227,"column":null}},"type":"if","locations":[{"start":{"line":227,"column":8},"end":{"line":227,"column":null}},{"start":{},"end":{}}],"line":227},"35":{"loc":{"start":{"line":228,"column":8},"end":{"line":228,"column":null}},"type":"if","locations":[{"start":{"line":228,"column":8},"end":{"line":228,"column":null}},{"start":{},"end":{}}],"line":228},"36":{"loc":{"start":{"line":229,"column":8},"end":{"line":229,"column":null}},"type":"if","locations":[{"start":{"line":229,"column":8},"end":{"line":229,"column":null}},{"start":{},"end":{}}],"line":229},"37":{"loc":{"start":{"line":232,"column":8},"end":{"line":235,"column":null}},"type":"if","locations":[{"start":{"line":232,"column":8},"end":{"line":235,"column":null}},{"start":{},"end":{}}],"line":232},"38":{"loc":{"start":{"line":248,"column":8},"end":{"line":251,"column":null}},"type":"if","locations":[{"start":{"line":248,"column":8},"end":{"line":251,"column":null}},{"start":{},"end":{}}],"line":248},"39":{"loc":{"start":{"line":259,"column":30},"end":{"line":259,"column":null}},"type":"binary-expr","locations":[{"start":{"line":259,"column":30},"end":{"line":259,"column":75}},{"start":{"line":259,"column":75},"end":{"line":259,"column":null}}],"line":259},"40":{"loc":{"start":{"line":261,"column":45},"end":{"line":261,"column":null}},"type":"binary-expr","locations":[{"start":{"line":261,"column":45},"end":{"line":261,"column":81}},{"start":{"line":261,"column":81},"end":{"line":261,"column":null}}],"line":261},"41":{"loc":{"start":{"line":262,"column":43},"end":{"line":262,"column":null}},"type":"binary-expr","locations":[{"start":{"line":262,"column":43},"end":{"line":262,"column":84}},{"start":{"line":262,"column":84},"end":{"line":262,"column":null}}],"line":262},"42":{"loc":{"start":{"line":265,"column":28},"end":{"line":267,"column":null}},"type":"cond-expr","locations":[{"start":{"line":266,"column":14},"end":{"line":266,"column":null}},{"start":{"line":267,"column":14},"end":{"line":267,"column":null}}],"line":265},"43":{"loc":{"start":{"line":266,"column":53},"end":{"line":266,"column":67}},"type":"binary-expr","locations":[{"start":{"line":266,"column":53},"end":{"line":266,"column":57}},{"start":{"line":266,"column":61},"end":{"line":266,"column":67}}],"line":266},"44":{"loc":{"start":{"line":270,"column":8},"end":{"line":275,"column":null}},"type":"if","locations":[{"start":{"line":270,"column":8},"end":{"line":275,"column":null}},{"start":{},"end":{}}],"line":270},"45":{"loc":{"start":{"line":271,"column":12},"end":{"line":273,"column":null}},"type":"if","locations":[{"start":{"line":271,"column":12},"end":{"line":273,"column":null}},{"start":{},"end":{}}],"line":271},"46":{"loc":{"start":{"line":299,"column":8},"end":{"line":303,"column":null}},"type":"if","locations":[{"start":{"line":299,"column":8},"end":{"line":303,"column":null}},{"start":{"line":301,"column":15},"end":{"line":303,"column":null}}],"line":299},"47":{"loc":{"start":{"line":299,"column":12},"end":{"line":299,"column":64}},"type":"binary-expr","locations":[{"start":{"line":299,"column":12},"end":{"line":299,"column":31}},{"start":{"line":299,"column":31},"end":{"line":299,"column":64}}],"line":299},"48":{"loc":{"start":{"line":306,"column":8},"end":{"line":319,"column":null}},"type":"if","locations":[{"start":{"line":306,"column":8},"end":{"line":319,"column":null}},{"start":{},"end":{}}],"line":306},"49":{"loc":{"start":{"line":312,"column":20},"end":{"line":316,"column":null}},"type":"if","locations":[{"start":{"line":312,"column":20},"end":{"line":316,"column":null}},{"start":{"line":314,"column":27},"end":{"line":316,"column":null}}],"line":312}},"s":{"0":1,"1":1,"2":1,"3":1,"4":1,"5":12,"6":12,"7":12,"8":12,"9":12,"10":12,"11":12,"12":71,"13":14,"14":71,"15":71,"16":71,"17":71,"18":14,"19":14,"20":14,"21":14,"22":71,"23":14,"24":14,"25":71,"26":35,"27":35,"28":35,"29":4,"30":4,"31":4,"32":4,"33":4,"34":4,"35":4,"36":4,"37":4,"38":35,"39":35,"40":35,"41":35,"42":71,"43":40,"44":40,"45":40,"46":5,"47":40,"48":6,"49":6,"50":6,"51":40,"52":4,"53":40,"54":4,"55":40,"56":8,"57":8,"58":8,"59":1,"60":7,"61":1,"62":6,"63":1,"64":5,"65":40,"66":40,"67":4,"68":40,"69":4,"70":40,"71":71,"72":5,"73":5,"74":5,"75":5,"76":1,"77":5,"78":5,"79":1,"80":5,"81":1,"82":5,"83":0,"84":5,"85":1,"86":4,"87":4,"88":0,"89":4,"90":0,"91":4,"92":0,"93":5,"94":1,"95":5,"96":0,"97":5,"98":0,"99":5,"100":1,"101":4,"102":71,"103":5,"104":5,"105":5,"106":5,"107":1,"108":1,"109":4,"110":4,"111":4,"112":5,"113":5,"114":5,"115":1,"116":5,"117":1,"118":1,"119":1,"120":1,"121":3,"122":3,"123":3,"124":3,"125":3,"126":1,"127":2,"128":3,"129":3,"130":3,"131":2,"132":1,"133":71},"f":{"0":12,"1":71,"2":14,"3":14,"4":14,"5":14,"6":35,"7":35,"8":40,"9":5,"10":5,"11":1,"12":1,"13":3},"b":{"0":[12,0],"1":[12,1,1],"2":[4,31],"3":[4,0],"4":[4,0],"5":[4,0],"6":[35,0],"7":[5,35],"8":[4,1],"9":[6,34],"10":[6,0],"11":[5,1],"12":[4,36],"13":[4,0],"14":[4,36],"15":[40,36],"16":[4,0],"17":[8,32],"18":[1,7],"19":[1,6],"20":[1,5],"21":[4,36],"22":[4,0],"23":[4,36],"24":[4,0],"25":[1,4],"26":[4,1],"27":[1,4],"28":[1,4],"29":[0,5],"30":[1,4],"31":[0,4],"32":[0,4],"33":[0,4],"34":[1,4],"35":[0,5],"36":[0,5],"37":[1,4],"38":[1,4],"39":[4,1],"40":[5,3],"41":[5,3],"42":[1,3],"43":[1,0],"44":[1,4],"45":[1,0],"46":[1,2],"47":[3,1],"48":[3,0],"49":[2,1]},"meta":{"lastBranch":50,"lastFunction":14,"lastStatement":134,"seen":{"s:33:28:33:Infinity":0,"s:34:28:34:Infinity":1,"s:35:16:35:Infinity":2,"s:36:16:36:Infinity":3,"s:42:21:52:Infinity":4,"f:42:21:42:22":0,"s:43:22:43:Infinity":5,"s:44:14:44:Infinity":6,"s:45:18:45:Infinity":7,"s:46:16:46:Infinity":8,"b:48:4:50:Infinity:undefined:undefined:undefined:undefined":0,"s:48:4:50:Infinity":9,"b:48:8:48:22:48:22:48:37:48:37:48:47":1,"s:49:8:49:Infinity":10,"s:51:4:51:Infinity":11,"f:58:16:58:Infinity":1,"s:64:10:64:Infinity":12,"f:64:26:64:32":2,"s:64:32:64:44":13,"s:67:43:67:Infinity":14,"s:69:33:79:Infinity":15,"s:81:53:81:Infinity":16,"s:85:10:90:Infinity":17,"f:85:28:85:Infinity":3,"s:86:21:86:Infinity":18,"s:87:19:87:Infinity":19,"s:88:19:88:Infinity":20,"s:89:8:89:Infinity":21,"s:93:4:95:Infinity":22,"f:93:14:93:Infinity":4,"s:94:8:94:Infinity":23,"f:94:20:94:29":5,"s:94:29:94:Infinity":24,"s:99:10:120:Infinity":25,"f:99:37:99:38":6,"s:100:30:100:38":26,"s:101:23:101:Infinity":27,"b:104:8:111:Infinity:undefined:undefined:undefined:undefined":2,"s:104:8:111:Infinity":28,"s:105:30:105:Infinity":29,"s:106:28:106:Infinity":30,"b:107:12:107:Infinity:undefined:undefined:undefined:undefined":3,"s:107:12:107:Infinity":31,"s:107:40:107:Infinity":32,"b:108:12:108:Infinity:undefined:undefined:undefined:undefined":4,"s:108:12:108:Infinity":33,"s:108:40:108:Infinity":34,"b:109:12:109:Infinity:undefined:undefined:undefined:undefined":5,"s:109:12:109:Infinity":35,"s:109:40:109:Infinity":36,"s:110:12:110:Infinity":37,"s:113:8:113:Infinity":38,"f:113:20:113:29":7,"s:113:29:113:Infinity":39,"b:116:8:118:Infinity:undefined:undefined:undefined:undefined":6,"s:116:8:118:Infinity":40,"s:117:12:117:Infinity":41,"s:123:4:193:Infinity":42,"f:123:14:123:Infinity":8,"s:124:108:124:Infinity":43,"s:125:45:125:Infinity":44,"b:131:8:135:Infinity:undefined:undefined:undefined:undefined":7,"s:131:8:135:Infinity":45,"s:132:12:134:Infinity":46,"b:133:18:133:Infinity:134:18:134:Infinity":8,"b:138:8:144:Infinity:undefined:undefined:undefined:undefined":9,"s:138:8:144:Infinity":47,"s:139:27:139:Infinity":48,"b:139:50:139:76:139:79:139:Infinity":10,"s:140:35:140:Infinity":49,"s:141:12:143:Infinity":50,"b:142:18:142:Infinity:143:18:143:Infinity":11,"b:147:8:151:Infinity:undefined:undefined:undefined:undefined":12,"s:147:8:151:Infinity":51,"s:148:12:150:Infinity":52,"b:149:18:149:Infinity:150:18:150:Infinity":13,"b:154:8:158:Infinity:undefined:undefined:undefined:undefined":14,"s:154:8:158:Infinity":53,"b:154:12:154:46:154:46:154:69":15,"s:155:12:157:Infinity":54,"b:156:18:156:Infinity:157:18:157:Infinity":16,"b:161:8:174:Infinity:undefined:undefined:undefined:undefined":17,"s:161:8:174:Infinity":55,"s:162:38:162:Infinity":56,"s:163:25:163:Infinity":57,"b:165:12:173:Infinity:167:19:173:Infinity":18,"s:165:12:173:Infinity":58,"s:166:16:166:Infinity":59,"b:167:19:173:Infinity:169:19:173:Infinity":19,"s:167:19:173:Infinity":60,"s:168:16:168:Infinity":61,"b:169:19:173:Infinity:171:19:173:Infinity":20,"s:169:19:173:Infinity":62,"s:170:16:170:Infinity":63,"s:172:16:172:Infinity":64,"s:177:35:177:Infinity":65,"b:178:8:182:Infinity:undefined:undefined:undefined:undefined":21,"s:178:8:182:Infinity":66,"s:179:12:181:Infinity":67,"b:180:18:180:Infinity:181:18:181:Infinity":22,"b:185:8:189:Infinity:undefined:undefined:undefined:undefined":23,"s:185:8:189:Infinity":68,"s:186:12:188:Infinity":69,"b:187:18:187:Infinity:188:18:188:Infinity":24,"s:191:8:191:Infinity":70,"s:198:10:238:Infinity":71,"f:198:37:198:38":9,"s:199:38:199:40":72,"s:200:38:200:Infinity":73,"s:201:108:201:Infinity":74,"b:204:8:204:Infinity:undefined:undefined:undefined:undefined":25,"s:204:8:204:Infinity":75,"s:204:33:204:Infinity":76,"s:207:23:207:Infinity":77,"b:207:46:207:72:207:75:207:Infinity":26,"b:208:8:210:Infinity:undefined:undefined:undefined:undefined":27,"s:208:8:210:Infinity":78,"s:209:12:209:Infinity":79,"b:213:8:213:Infinity:undefined:undefined:undefined:undefined":28,"s:213:8:213:Infinity":80,"s:213:53:213:Infinity":81,"b:214:8:214:Infinity:undefined:undefined:undefined:undefined":29,"s:214:8:214:Infinity":82,"s:214:48:214:Infinity":83,"b:217:8:224:Infinity:219:15:224:Infinity":30,"s:217:8:224:Infinity":84,"s:218:12:218:Infinity":85,"s:220:25:220:Infinity":86,"b:221:12:221:Infinity:undefined:undefined:undefined:undefined":31,"s:221:12:221:Infinity":87,"s:221:51:221:Infinity":88,"b:222:12:222:Infinity:undefined:undefined:undefined:undefined":32,"s:222:12:222:Infinity":89,"s:222:32:222:Infinity":90,"b:223:12:223:Infinity:undefined:undefined:undefined:undefined":33,"s:223:12:223:Infinity":91,"s:223:32:223:Infinity":92,"b:227:8:227:Infinity:undefined:undefined:undefined:undefined":34,"s:227:8:227:Infinity":93,"s:227:34:227:Infinity":94,"b:228:8:228:Infinity:undefined:undefined:undefined:undefined":35,"s:228:8:228:Infinity":95,"s:228:21:228:Infinity":96,"b:229:8:229:Infinity:undefined:undefined:undefined:undefined":36,"s:229:8:229:Infinity":97,"s:229:21:229:Infinity":98,"b:232:8:235:Infinity:undefined:undefined:undefined:undefined":37,"s:232:8:235:Infinity":99,"s:234:12:234:Infinity":100,"s:237:8:237:21":101,"s:241:10:321:Infinity":102,"f:241:45:241:46":10,"s:242:4:242:Infinity":103,"s:245:8:245:Infinity":104,"s:247:32:247:Infinity":105,"b:248:8:251:Infinity:undefined:undefined:undefined:undefined":38,"s:248:8:251:Infinity":106,"s:249:12:249:Infinity":107,"s:250:12:250:Infinity":108,"s:257:87:257:Infinity":109,"s:258:35:258:Infinity":110,"s:259:30:259:Infinity":111,"b:259:30:259:75:259:75:259:Infinity":39,"s:261:34:261:Infinity":112,"b:261:45:261:81:261:81:261:Infinity":40,"s:262:32:262:Infinity":113,"b:262:43:262:84:262:84:262:Infinity":41,"s:265:28:267:Infinity":114,"b:266:14:266:Infinity:267:14:267:Infinity":42,"f:266:48:266:53":11,"s:266:53:266:67":115,"b:266:53:266:57:266:61:266:67":43,"b:270:8:275:Infinity:undefined:undefined:undefined:undefined":44,"s:270:8:275:Infinity":116,"f:270:35:270:40":12,"s:270:40:270:62":117,"b:271:12:273:Infinity:undefined:undefined:undefined:undefined":45,"s:271:12:273:Infinity":118,"s:272:16:272:Infinity":119,"s:274:12:274:Infinity":120,"s:278:29:291:Infinity":121,"s:294:8:294:Infinity":122,"s:295:8:295:Infinity":123,"s:297:23:297:32":124,"b:299:8:303:Infinity:301:15:303:Infinity":46,"s:299:8:303:Infinity":125,"b:299:12:299:31:299:31:299:64":47,"s:300:12:300:Infinity":126,"s:302:12:302:Infinity":127,"b:306:8:319:Infinity:undefined:undefined:undefined:undefined":48,"s:306:8:319:Infinity":128,"s:307:12:317:Infinity":129,"f:310:16:310:Infinity":13,"b:312:20:316:Infinity:314:27:316:Infinity":49,"s:312:20:316:Infinity":130,"s:313:24:313:Infinity":131,"s:315:24:315:Infinity":132,"s:324:4:331:Infinity":133}}}
}
